  ex_5.6.cpp
C:\Users\ACER\Documents\4 term\Программирование (алгоритмы и структуры данных)\ex_5.6\ex_5.6\ex_5.6.cpp(25,5): error C2065: queue: необъявленный идентификатор
C:\Users\ACER\Documents\4 term\Программирование (алгоритмы и структуры данных)\ex_5.6\ex_5.6\ex_5.6.cpp(25,20): error C2059: синтаксическая ошибка: >
C:\Users\ACER\Documents\4 term\Программирование (алгоритмы и структуры данных)\ex_5.6\ex_5.6\ex_5.6.cpp(26,5): error C2065: q: необъявленный идентификатор
C:\Users\ACER\Documents\4 term\Программирование (алгоритмы и структуры данных)\ex_5.6\ex_5.6\ex_5.6.cpp(28,13): error C2065: q: необъявленный идентификатор
C:\Users\ACER\Documents\4 term\Программирование (алгоритмы и структуры данных)\ex_5.6\ex_5.6\ex_5.6.cpp(30,26): error C2065: q: необъявленный идентификатор
C:\Users\ACER\Documents\4 term\Программирование (алгоритмы и структуры данных)\ex_5.6\ex_5.6\ex_5.6.cpp(31,9): error C2065: q: необъявленный идентификатор
C:\Users\ACER\Documents\4 term\Программирование (алгоритмы и структуры данных)\ex_5.6\ex_5.6\ex_5.6.cpp(32,9): error C2065: cout: необъявленный идентификатор
C:\Users\ACER\Documents\4 term\Программирование (алгоритмы и структуры данных)\ex_5.6\ex_5.6\ex_5.6.cpp(35,13): error C2065: q: необъявленный идентификатор
C:\Users\ACER\Documents\4 term\Программирование (алгоритмы и структуры данных)\ex_5.6\ex_5.6\ex_5.6.cpp(38,13): error C2065: q: необъявленный идентификатор
C:\Users\ACER\Documents\4 term\Программирование (алгоритмы и структуры данных)\ex_5.6\ex_5.6\ex_5.6.cpp(49,5): error C2065: cout: необъявленный идентификатор
C:\Users\ACER\Documents\4 term\Программирование (алгоритмы и структуры данных)\ex_5.6\ex_5.6\ex_5.6.cpp(64,5): error C2065: cout: необъявленный идентификатор
C:\Users\ACER\Documents\4 term\Программирование (алгоритмы и структуры данных)\ex_5.6\ex_5.6\ex_5.6.cpp(78,5): error C2065: cout: необъявленный идентификатор
C:\Users\ACER\Documents\4 term\Программирование (алгоритмы и структуры данных)\ex_5.6\ex_5.6\ex_5.6.cpp(90,5): error C2065: cout: необъявленный идентификатор
C:\Users\ACER\Documents\4 term\Программирование (алгоритмы и структуры данных)\ex_5.6\ex_5.6\ex_5.6.cpp(103,5): error C2065: stack: необъявленный идентификатор
C:\Users\ACER\Documents\4 term\Программирование (алгоритмы и структуры данных)\ex_5.6\ex_5.6\ex_5.6.cpp(103,20): error C2059: синтаксическая ошибка: >
C:\Users\ACER\Documents\4 term\Программирование (алгоритмы и структуры данных)\ex_5.6\ex_5.6\ex_5.6.cpp(104,5): error C2065: s: необъявленный идентификатор
C:\Users\ACER\Documents\4 term\Программирование (алгоритмы и структуры данных)\ex_5.6\ex_5.6\ex_5.6.cpp(111,12): error C2065: s: необъявленный идентификатор
C:\Users\ACER\Documents\4 term\Программирование (алгоритмы и структуры данных)\ex_5.6\ex_5.6\ex_5.6.cpp(114,26): error C2065: s: необъявленный идентификатор
C:\Users\ACER\Documents\4 term\Программирование (алгоритмы и структуры данных)\ex_5.6\ex_5.6\ex_5.6.cpp(115,9): error C2065: s: необъявленный идентификатор
C:\Users\ACER\Documents\4 term\Программирование (алгоритмы и структуры данных)\ex_5.6\ex_5.6\ex_5.6.cpp(116,9): error C2065: cout: необъявленный идентификатор
C:\Users\ACER\Documents\4 term\Программирование (алгоритмы и структуры данных)\ex_5.6\ex_5.6\ex_5.6.cpp(119,13): error C2065: s: необъявленный идентификатор
C:\Users\ACER\Documents\4 term\Программирование (алгоритмы и структуры данных)\ex_5.6\ex_5.6\ex_5.6.cpp(121,13): error C2065: s: необъявленный идентификатор
